{"C:\\Users\\victo\\OneDrive\\Documentos\\GitHub\\Base_de_Conhecimento-\\src\\data\\glossary.json": {"path":"C:\\Users\\victo\\OneDrive\\Documentos\\GitHub\\Base_de_Conhecimento-\\src\\data\\glossary.json","statementMap":{},"fnMap":{},"branchMap":{},"s":{},"f":{},"b":{},"meta":{"lastBranch":0,"lastFunction":0,"lastStatement":0,"seen":{},"fnNames":{}}}
,"C:\\Users\\victo\\OneDrive\\Documentos\\GitHub\\Base_de_Conhecimento-\\src\\hooks\\useArticleContent.ts": {"path":"C:\\Users\\victo\\OneDrive\\Documentos\\GitHub\\Base_de_Conhecimento-\\src\\hooks\\useArticleContent.ts","statementMap":{"0":{"start":{"line":7,"column":33},"end":{"line":78,"column":null}},"1":{"start":{"line":8,"column":30},"end":{"line":8,"column":null}},"2":{"start":{"line":9,"column":34},"end":{"line":9,"column":null}},"3":{"start":{"line":10,"column":26},"end":{"line":10,"column":null}},"4":{"start":{"line":12,"column":4},"end":{"line":39,"column":null}},"5":{"start":{"line":13,"column":22},"end":{"line":13,"column":null}},"6":{"start":{"line":14,"column":8},"end":{"line":14,"column":null}},"7":{"start":{"line":15,"column":8},"end":{"line":15,"column":null}},"8":{"start":{"line":17,"column":28},"end":{"line":35,"column":null}},"9":{"start":{"line":18,"column":12},"end":{"line":34,"column":null}},"10":{"start":{"line":19,"column":16},"end":{"line":25,"column":null}},"11":{"start":{"line":20,"column":35},"end":{"line":20,"column":null}},"12":{"start":{"line":21,"column":39},"end":{"line":21,"column":null}},"13":{"start":{"line":22,"column":20},"end":{"line":22,"column":null}},"14":{"start":{"line":22,"column":33},"end":{"line":22,"column":null}},"15":{"start":{"line":24,"column":20},"end":{"line":24,"column":null}},"16":{"start":{"line":24,"column":33},"end":{"line":24,"column":null}},"17":{"start":{"line":27,"column":16},"end":{"line":27,"column":null}},"18":{"start":{"line":28,"column":16},"end":{"line":31,"column":null}},"19":{"start":{"line":29,"column":20},"end":{"line":29,"column":null}},"20":{"start":{"line":30,"column":20},"end":{"line":30,"column":null}},"21":{"start":{"line":33,"column":16},"end":{"line":33,"column":null}},"22":{"start":{"line":33,"column":29},"end":{"line":33,"column":null}},"23":{"start":{"line":37,"column":8},"end":{"line":37,"column":null}},"24":{"start":{"line":38,"column":8},"end":{"line":38,"column":null}},"25":{"start":{"line":38,"column":23},"end":{"line":38,"column":40}},"26":{"start":{"line":41,"column":10},"end":{"line":75,"column":null}},"27":{"start":{"line":42,"column":8},"end":{"line":42,"column":null}},"28":{"start":{"line":42,"column":53},"end":{"line":42,"column":null}},"29":{"start":{"line":44,"column":22},"end":{"line":44,"column":null}},"30":{"start":{"line":47,"column":32},"end":{"line":47,"column":null}},"31":{"start":{"line":48,"column":8},"end":{"line":71,"column":null}},"32":{"start":{"line":50,"column":32},"end":{"line":50,"column":null}},"33":{"start":{"line":50,"column":61},"end":{"line":50,"column":62}},"34":{"start":{"line":50,"column":79},"end":{"line":50,"column":98}},"35":{"start":{"line":51,"column":33},"end":{"line":51,"column":null}},"36":{"start":{"line":51,"column":48},"end":{"line":51,"column":null}},"37":{"start":{"line":52,"column":34},"end":{"line":52,"column":null}},"38":{"start":{"line":55,"column":31},"end":{"line":61,"column":null}},"39":{"start":{"line":56,"column":16},"end":{"line":61,"column":null}},"40":{"start":{"line":63,"column":30},"end":{"line":65,"column":null}},"41":{"start":{"line":64,"column":48},"end":{"line":64,"column":80}},"42":{"start":{"line":67,"column":12},"end":{"line":70,"column":null}},"43":{"start":{"line":68,"column":32},"end":{"line":68,"column":null}},"44":{"start":{"line":69,"column":16},"end":{"line":69,"column":null}},"45":{"start":{"line":74,"column":8},"end":{"line":74,"column":null}},"46":{"start":{"line":77,"column":4},"end":{"line":77,"column":null}}},"fnMap":{"0":{"name":"(anonymous_0)","decl":{"start":{"line":7,"column":33},"end":{"line":7,"column":34}},"loc":{"start":{"line":7,"column":55},"end":{"line":78,"column":null}},"line":7},"1":{"name":"(anonymous_1)","decl":{"start":{"line":12,"column":14},"end":{"line":12,"column":20}},"loc":{"start":{"line":12,"column":20},"end":{"line":39,"column":7}},"line":12},"2":{"name":"(anonymous_2)","decl":{"start":{"line":17,"column":28},"end":{"line":17,"column":40}},"loc":{"start":{"line":17,"column":40},"end":{"line":35,"column":null}},"line":17},"3":{"name":"(anonymous_3)","decl":{"start":{"line":38,"column":15},"end":{"line":38,"column":21}},"loc":{"start":{"line":38,"column":21},"end":{"line":38,"column":null}},"line":38},"4":{"name":"(anonymous_4)","decl":{"start":{"line":41,"column":32},"end":{"line":41,"column":38}},"loc":{"start":{"line":41,"column":38},"end":{"line":75,"column":7}},"line":41},"5":{"name":"(anonymous_5)","decl":{"start":{"line":50,"column":52},"end":{"line":50,"column":53}},"loc":{"start":{"line":50,"column":61},"end":{"line":50,"column":62}},"line":50},"6":{"name":"(anonymous_6)","decl":{"start":{"line":50,"column":69},"end":{"line":50,"column":70}},"loc":{"start":{"line":50,"column":79},"end":{"line":50,"column":98}},"line":50},"7":{"name":"(anonymous_7)","decl":{"start":{"line":51,"column":33},"end":{"line":51,"column":34}},"loc":{"start":{"line":51,"column":48},"end":{"line":51,"column":null}},"line":51},"8":{"name":"(anonymous_8)","decl":{"start":{"line":55,"column":31},"end":{"line":55,"column":32}},"loc":{"start":{"line":56,"column":16},"end":{"line":61,"column":null}},"line":56},"9":{"name":"(anonymous_9)","decl":{"start":{"line":64,"column":36},"end":{"line":64,"column":37}},"loc":{"start":{"line":64,"column":48},"end":{"line":64,"column":80}},"line":64},"10":{"name":"(anonymous_10)","decl":{"start":{"line":67,"column":53},"end":{"line":67,"column":54}},"loc":{"start":{"line":67,"column":64},"end":{"line":70,"column":13}},"line":67}},"branchMap":{"0":{"loc":{"start":{"line":19,"column":16},"end":{"line":25,"column":null}},"type":"if","locations":[{"start":{"line":19,"column":16},"end":{"line":25,"column":null}},{"start":{"line":23,"column":23},"end":{"line":25,"column":null}}],"line":19},"1":{"loc":{"start":{"line":21,"column":39},"end":{"line":21,"column":null}},"type":"binary-expr","locations":[{"start":{"line":21,"column":39},"end":{"line":21,"column":66}},{"start":{"line":21,"column":66},"end":{"line":21,"column":84}},{"start":{"line":21,"column":84},"end":{"line":21,"column":null}}],"line":21},"2":{"loc":{"start":{"line":22,"column":20},"end":{"line":22,"column":null}},"type":"if","locations":[{"start":{"line":22,"column":20},"end":{"line":22,"column":null}},{"start":{},"end":{}}],"line":22},"3":{"loc":{"start":{"line":24,"column":20},"end":{"line":24,"column":null}},"type":"if","locations":[{"start":{"line":24,"column":20},"end":{"line":24,"column":null}},{"start":{},"end":{}}],"line":24},"4":{"loc":{"start":{"line":24,"column":45},"end":{"line":24,"column":89}},"type":"binary-expr","locations":[{"start":{"line":24,"column":45},"end":{"line":24,"column":75}},{"start":{"line":24,"column":75},"end":{"line":24,"column":89}}],"line":24},"5":{"loc":{"start":{"line":28,"column":16},"end":{"line":31,"column":null}},"type":"if","locations":[{"start":{"line":28,"column":16},"end":{"line":31,"column":null}},{"start":{},"end":{}}],"line":28},"6":{"loc":{"start":{"line":29,"column":29},"end":{"line":29,"column":93}},"type":"cond-expr","locations":[{"start":{"line":29,"column":52},"end":{"line":29,"column":58}},{"start":{"line":29,"column":58},"end":{"line":29,"column":93}}],"line":29},"7":{"loc":{"start":{"line":33,"column":16},"end":{"line":33,"column":null}},"type":"if","locations":[{"start":{"line":33,"column":16},"end":{"line":33,"column":null}},{"start":{},"end":{}}],"line":33},"8":{"loc":{"start":{"line":42,"column":8},"end":{"line":42,"column":null}},"type":"if","locations":[{"start":{"line":42,"column":8},"end":{"line":42,"column":null}},{"start":{},"end":{}}],"line":42},"9":{"loc":{"start":{"line":42,"column":12},"end":{"line":42,"column":53}},"type":"binary-expr","locations":[{"start":{"line":42,"column":12},"end":{"line":42,"column":24}},{"start":{"line":42,"column":24},"end":{"line":42,"column":53}}],"line":42},"10":{"loc":{"start":{"line":48,"column":8},"end":{"line":71,"column":null}},"type":"if","locations":[{"start":{"line":48,"column":8},"end":{"line":71,"column":null}},{"start":{},"end":{}}],"line":48},"11":{"loc":{"start":{"line":69,"column":23},"end":{"line":69,"column":null}},"type":"cond-expr","locations":[{"start":{"line":69,"column":33},"end":{"line":69,"column":107}},{"start":{"line":69,"column":107},"end":{"line":69,"column":null}}],"line":69}},"s":{"0":1,"1":8,"2":8,"3":8,"4":8,"5":4,"6":4,"7":4,"8":4,"9":4,"10":4,"11":2,"12":1,"13":2,"14":1,"15":2,"16":2,"17":1,"18":1,"19":1,"20":1,"21":4,"22":4,"23":4,"24":4,"25":4,"26":8,"27":8,"28":4,"29":4,"30":4,"31":4,"32":4,"33":56,"34":132,"35":4,"36":56,"37":4,"38":4,"39":56,"40":4,"41":56,"42":4,"43":0,"44":0,"45":4,"46":8},"f":{"0":8,"1":4,"2":4,"3":4,"4":8,"5":56,"6":132,"7":56,"8":56,"9":56,"10":0},"b":{"0":[2,2],"1":[1,1,0],"2":[1,1],"3":[2,0],"4":[2,0],"5":[1,0],"6":[1,0],"7":[4,0],"8":[4,4],"9":[8,4],"10":[4,0],"11":[0,0]},"meta":{"lastBranch":12,"lastFunction":11,"lastStatement":47,"seen":{"s:7:33:78:Infinity":0,"f:7:33:7:34":0,"s:8:30:8:Infinity":1,"s:9:34:9:Infinity":2,"s:10:26:10:Infinity":3,"s:12:4:39:Infinity":4,"f:12:14:12:20":1,"s:13:22:13:Infinity":5,"s:14:8:14:Infinity":6,"s:15:8:15:Infinity":7,"s:17:28:35:Infinity":8,"f:17:28:17:40":2,"s:18:12:34:Infinity":9,"b:19:16:25:Infinity:23:23:25:Infinity":0,"s:19:16:25:Infinity":10,"s:20:35:20:Infinity":11,"s:21:39:21:Infinity":12,"b:21:39:21:66:21:66:21:84:21:84:21:Infinity":1,"b:22:20:22:Infinity:undefined:undefined:undefined:undefined":2,"s:22:20:22:Infinity":13,"s:22:33:22:Infinity":14,"b:24:20:24:Infinity:undefined:undefined:undefined:undefined":3,"s:24:20:24:Infinity":15,"s:24:33:24:Infinity":16,"b:24:45:24:75:24:75:24:89":4,"s:27:16:27:Infinity":17,"b:28:16:31:Infinity:undefined:undefined:undefined:undefined":5,"s:28:16:31:Infinity":18,"s:29:20:29:Infinity":19,"b:29:52:29:58:29:58:29:93":6,"s:30:20:30:Infinity":20,"b:33:16:33:Infinity:undefined:undefined:undefined:undefined":7,"s:33:16:33:Infinity":21,"s:33:29:33:Infinity":22,"s:37:8:37:Infinity":23,"s:38:8:38:Infinity":24,"f:38:15:38:21":3,"s:38:23:38:40":25,"s:41:10:75:Infinity":26,"f:41:32:41:38":4,"b:42:8:42:Infinity:undefined:undefined:undefined:undefined":8,"s:42:8:42:Infinity":27,"b:42:12:42:24:42:24:42:53":9,"s:42:53:42:Infinity":28,"s:44:22:44:Infinity":29,"s:47:32:47:Infinity":30,"b:48:8:71:Infinity:undefined:undefined:undefined:undefined":10,"s:48:8:71:Infinity":31,"s:50:32:50:Infinity":32,"f:50:52:50:53":5,"s:50:61:50:62":33,"f:50:69:50:70":6,"s:50:79:50:98":34,"s:51:33:51:Infinity":35,"f:51:33:51:34":7,"s:51:48:51:Infinity":36,"s:52:34:52:Infinity":37,"s:55:31:61:Infinity":38,"f:55:31:55:32":8,"s:56:16:61:Infinity":39,"s:63:30:65:Infinity":40,"f:64:36:64:37":9,"s:64:48:64:80":41,"s:67:12:70:Infinity":42,"f:67:53:67:54":10,"s:68:32:68:Infinity":43,"s:69:16:69:Infinity":44,"b:69:33:69:107:69:107:69:Infinity":11,"s:74:8:74:Infinity":45,"s:77:4:77:Infinity":46},"fnNames":{}}}
,"C:\\Users\\victo\\OneDrive\\Documentos\\GitHub\\Base_de_Conhecimento-\\src\\hooks\\useReadingQueue.ts": {"path":"C:\\Users\\victo\\OneDrive\\Documentos\\GitHub\\Base_de_Conhecimento-\\src\\hooks\\useReadingQueue.ts","statementMap":{"0":{"start":{"line":4,"column":31},"end":{"line":120,"column":null}},"1":{"start":{"line":5,"column":24},"end":{"line":5,"column":null}},"2":{"start":{"line":8,"column":2},"end":{"line":52,"column":null}},"3":{"start":{"line":10,"column":21},"end":{"line":10,"column":null}},"4":{"start":{"line":11,"column":4},"end":{"line":20,"column":null}},"5":{"start":{"line":12,"column":6},"end":{"line":12,"column":null}},"6":{"start":{"line":13,"column":6},"end":{"line":13,"column":null}},"7":{"start":{"line":14,"column":6},"end":{"line":19,"column":null}},"8":{"start":{"line":15,"column":8},"end":{"line":15,"column":null}},"9":{"start":{"line":16,"column":8},"end":{"line":16,"column":null}},"10":{"start":{"line":18,"column":8},"end":{"line":18,"column":null}},"11":{"start":{"line":22,"column":28},"end":{"line":33,"column":null}},"12":{"start":{"line":23,"column":20},"end":{"line":23,"column":null}},"13":{"start":{"line":24,"column":6},"end":{"line":32,"column":null}},"14":{"start":{"line":25,"column":8},"end":{"line":29,"column":null}},"15":{"start":{"line":26,"column":10},"end":{"line":26,"column":null}},"16":{"start":{"line":28,"column":10},"end":{"line":28,"column":null}},"17":{"start":{"line":31,"column":8},"end":{"line":31,"column":null}},"18":{"start":{"line":35,"column":4},"end":{"line":35,"column":null}},"19":{"start":{"line":38,"column":32},"end":{"line":42,"column":null}},"20":{"start":{"line":39,"column":6},"end":{"line":41,"column":null}},"21":{"start":{"line":40,"column":8},"end":{"line":40,"column":null}},"22":{"start":{"line":43,"column":28},"end":{"line":43,"column":null}},"23":{"start":{"line":43,"column":34},"end":{"line":43,"column":null}},"24":{"start":{"line":45,"column":4},"end":{"line":45,"column":null}},"25":{"start":{"line":46,"column":4},"end":{"line":46,"column":null}},"26":{"start":{"line":48,"column":4},"end":{"line":51,"column":null}},"27":{"start":{"line":49,"column":6},"end":{"line":49,"column":null}},"28":{"start":{"line":50,"column":6},"end":{"line":50,"column":null}},"29":{"start":{"line":55,"column":20},"end":{"line":63,"column":null}},"30":{"start":{"line":56,"column":4},"end":{"line":56,"column":null}},"31":{"start":{"line":57,"column":4},"end":{"line":62,"column":null}},"32":{"start":{"line":58,"column":6},"end":{"line":58,"column":null}},"33":{"start":{"line":59,"column":6},"end":{"line":59,"column":null}},"34":{"start":{"line":61,"column":6},"end":{"line":61,"column":null}},"35":{"start":{"line":65,"column":21},"end":{"line":77,"column":null}},"36":{"start":{"line":66,"column":4},"end":{"line":76,"column":null}},"37":{"start":{"line":67,"column":6},"end":{"line":67,"column":null}},"38":{"start":{"line":67,"column":29},"end":{"line":67,"column":null}},"39":{"start":{"line":68,"column":19},"end":{"line":68,"column":null}},"40":{"start":{"line":69,"column":6},"end":{"line":74,"column":null}},"41":{"start":{"line":70,"column":8},"end":{"line":70,"column":null}},"42":{"start":{"line":71,"column":8},"end":{"line":71,"column":null}},"43":{"start":{"line":73,"column":8},"end":{"line":73,"column":null}},"44":{"start":{"line":75,"column":6},"end":{"line":75,"column":null}},"45":{"start":{"line":79,"column":26},"end":{"line":90,"column":null}},"46":{"start":{"line":80,"column":4},"end":{"line":89,"column":null}},"47":{"start":{"line":81,"column":19},"end":{"line":81,"column":null}},"48":{"start":{"line":81,"column":41},"end":{"line":81,"column":54}},"49":{"start":{"line":82,"column":6},"end":{"line":87,"column":null}},"50":{"start":{"line":83,"column":8},"end":{"line":83,"column":null}},"51":{"start":{"line":84,"column":8},"end":{"line":84,"column":null}},"52":{"start":{"line":86,"column":8},"end":{"line":86,"column":null}},"53":{"start":{"line":88,"column":6},"end":{"line":88,"column":null}},"54":{"start":{"line":92,"column":22},"end":{"line":98,"column":null}},"55":{"start":{"line":93,"column":4},"end":{"line":97,"column":null}},"56":{"start":{"line":94,"column":6},"end":{"line":94,"column":null}},"57":{"start":{"line":96,"column":6},"end":{"line":96,"column":null}},"58":{"start":{"line":100,"column":19},"end":{"line":117,"column":null}},"59":{"start":{"line":101,"column":4},"end":{"line":116,"column":null}},"60":{"start":{"line":102,"column":20},"end":{"line":102,"column":null}},"61":{"start":{"line":103,"column":6},"end":{"line":103,"column":null}},"62":{"start":{"line":103,"column":24},"end":{"line":103,"column":null}},"63":{"start":{"line":104,"column":26},"end":{"line":104,"column":null}},"64":{"start":{"line":105,"column":6},"end":{"line":105,"column":null}},"65":{"start":{"line":105,"column":57},"end":{"line":105,"column":null}},"66":{"start":{"line":106,"column":19},"end":{"line":106,"column":null}},"67":{"start":{"line":107,"column":24},"end":{"line":107,"column":null}},"68":{"start":{"line":108,"column":6},"end":{"line":108,"column":null}},"69":{"start":{"line":109,"column":6},"end":{"line":114,"column":null}},"70":{"start":{"line":110,"column":8},"end":{"line":110,"column":null}},"71":{"start":{"line":111,"column":8},"end":{"line":111,"column":null}},"72":{"start":{"line":113,"column":8},"end":{"line":113,"column":null}},"73":{"start":{"line":115,"column":6},"end":{"line":115,"column":null}},"74":{"start":{"line":119,"column":2},"end":{"line":119,"column":null}}},"fnMap":{"0":{"name":"(anonymous_0)","decl":{"start":{"line":4,"column":31},"end":{"line":4,"column":37}},"loc":{"start":{"line":4,"column":37},"end":{"line":120,"column":null}},"line":4},"1":{"name":"(anonymous_1)","decl":{"start":{"line":8,"column":12},"end":{"line":8,"column":18}},"loc":{"start":{"line":8,"column":18},"end":{"line":52,"column":5}},"line":8},"2":{"name":"(anonymous_2)","decl":{"start":{"line":22,"column":28},"end":{"line":22,"column":34}},"loc":{"start":{"line":22,"column":34},"end":{"line":33,"column":null}},"line":22},"3":{"name":"(anonymous_3)","decl":{"start":{"line":38,"column":32},"end":{"line":38,"column":33}},"loc":{"start":{"line":38,"column":53},"end":{"line":42,"column":null}},"line":38},"4":{"name":"(anonymous_4)","decl":{"start":{"line":43,"column":28},"end":{"line":43,"column":34}},"loc":{"start":{"line":43,"column":34},"end":{"line":43,"column":null}},"line":43},"5":{"name":"(anonymous_5)","decl":{"start":{"line":48,"column":11},"end":{"line":48,"column":17}},"loc":{"start":{"line":48,"column":17},"end":{"line":51,"column":null}},"line":48},"6":{"name":"(anonymous_6)","decl":{"start":{"line":55,"column":20},"end":{"line":55,"column":21}},"loc":{"start":{"line":55,"column":44},"end":{"line":63,"column":null}},"line":55},"7":{"name":"(anonymous_7)","decl":{"start":{"line":65,"column":21},"end":{"line":65,"column":22}},"loc":{"start":{"line":65,"column":37},"end":{"line":77,"column":null}},"line":65},"8":{"name":"(anonymous_8)","decl":{"start":{"line":66,"column":13},"end":{"line":66,"column":21}},"loc":{"start":{"line":66,"column":21},"end":{"line":76,"column":5}},"line":66},"9":{"name":"(anonymous_9)","decl":{"start":{"line":79,"column":26},"end":{"line":79,"column":27}},"loc":{"start":{"line":79,"column":42},"end":{"line":90,"column":null}},"line":79},"10":{"name":"(anonymous_10)","decl":{"start":{"line":80,"column":13},"end":{"line":80,"column":21}},"loc":{"start":{"line":80,"column":21},"end":{"line":89,"column":5}},"line":80},"11":{"name":"(anonymous_11)","decl":{"start":{"line":81,"column":31},"end":{"line":81,"column":41}},"loc":{"start":{"line":81,"column":41},"end":{"line":81,"column":54}},"line":81},"12":{"name":"(anonymous_12)","decl":{"start":{"line":92,"column":22},"end":{"line":92,"column":23}},"loc":{"start":{"line":92,"column":38},"end":{"line":98,"column":null}},"line":92},"13":{"name":"(anonymous_13)","decl":{"start":{"line":100,"column":19},"end":{"line":100,"column":20}},"loc":{"start":{"line":100,"column":61},"end":{"line":117,"column":null}},"line":100},"14":{"name":"(anonymous_14)","decl":{"start":{"line":101,"column":13},"end":{"line":101,"column":21}},"loc":{"start":{"line":101,"column":21},"end":{"line":116,"column":5}},"line":101}},"branchMap":{"0":{"loc":{"start":{"line":11,"column":4},"end":{"line":20,"column":null}},"type":"if","locations":[{"start":{"line":11,"column":4},"end":{"line":20,"column":null}},{"start":{},"end":{}}],"line":11},"1":{"loc":{"start":{"line":24,"column":6},"end":{"line":32,"column":null}},"type":"if","locations":[{"start":{"line":24,"column":6},"end":{"line":32,"column":null}},{"start":{"line":30,"column":13},"end":{"line":32,"column":null}}],"line":24},"2":{"loc":{"start":{"line":39,"column":6},"end":{"line":41,"column":null}},"type":"if","locations":[{"start":{"line":39,"column":6},"end":{"line":41,"column":null}},{"start":{},"end":{}}],"line":39},"3":{"loc":{"start":{"line":67,"column":6},"end":{"line":67,"column":null}},"type":"if","locations":[{"start":{"line":67,"column":6},"end":{"line":67,"column":null}},{"start":{},"end":{}}],"line":67},"4":{"loc":{"start":{"line":93,"column":4},"end":{"line":97,"column":null}},"type":"if","locations":[{"start":{"line":93,"column":4},"end":{"line":97,"column":null}},{"start":{"line":95,"column":11},"end":{"line":97,"column":null}}],"line":93},"5":{"loc":{"start":{"line":103,"column":6},"end":{"line":103,"column":null}},"type":"if","locations":[{"start":{"line":103,"column":6},"end":{"line":103,"column":null}},{"start":{},"end":{}}],"line":103},"6":{"loc":{"start":{"line":104,"column":26},"end":{"line":104,"column":null}},"type":"cond-expr","locations":[{"start":{"line":104,"column":47},"end":{"line":104,"column":59}},{"start":{"line":104,"column":59},"end":{"line":104,"column":null}}],"line":104},"7":{"loc":{"start":{"line":105,"column":6},"end":{"line":105,"column":null}},"type":"if","locations":[{"start":{"line":105,"column":6},"end":{"line":105,"column":null}},{"start":{},"end":{}}],"line":105},"8":{"loc":{"start":{"line":105,"column":10},"end":{"line":105,"column":57}},"type":"binary-expr","locations":[{"start":{"line":105,"column":10},"end":{"line":105,"column":29}},{"start":{"line":105,"column":29},"end":{"line":105,"column":57}}],"line":105}},"s":{"0":1,"1":29,"2":29,"3":7,"4":7,"5":1,"6":1,"7":1,"8":1,"9":1,"10":0,"11":6,"12":15,"13":15,"14":9,"15":9,"16":0,"17":6,"18":6,"19":6,"20":0,"21":0,"22":6,"23":9,"24":6,"25":6,"26":6,"27":6,"28":6,"29":29,"30":0,"31":0,"32":0,"33":0,"34":0,"35":29,"36":8,"37":8,"38":1,"39":7,"40":7,"41":7,"42":7,"43":1,"44":7,"45":29,"46":1,"47":1,"48":1,"49":1,"50":1,"51":1,"52":0,"53":1,"54":29,"55":2,"56":1,"57":1,"58":29,"59":2,"60":2,"61":2,"62":0,"63":2,"64":2,"65":0,"66":2,"67":2,"68":2,"69":2,"70":2,"71":2,"72":0,"73":2,"74":29},"f":{"0":29,"1":7,"2":15,"3":0,"4":9,"5":6,"6":0,"7":8,"8":8,"9":1,"10":1,"11":1,"12":2,"13":2,"14":2},"b":{"0":[1,6],"1":[9,6],"2":[0,0],"3":[1,7],"4":[1,1],"5":[0,2],"6":[1,1],"7":[0,2],"8":[2,2]},"meta":{"lastBranch":9,"lastFunction":15,"lastStatement":75,"seen":{"s:4:31:120:Infinity":0,"f:4:31:4:37":0,"s:5:24:5:Infinity":1,"s:8:2:52:Infinity":2,"f:8:12:8:18":1,"s:10:21:10:Infinity":3,"b:11:4:20:Infinity:undefined:undefined:undefined:undefined":0,"s:11:4:20:Infinity":4,"s:12:6:12:Infinity":5,"s:13:6:13:Infinity":6,"s:14:6:19:Infinity":7,"s:15:8:15:Infinity":8,"s:16:8:16:Infinity":9,"s:18:8:18:Infinity":10,"s:22:28:33:Infinity":11,"f:22:28:22:34":2,"s:23:20:23:Infinity":12,"b:24:6:32:Infinity:30:13:32:Infinity":1,"s:24:6:32:Infinity":13,"s:25:8:29:Infinity":14,"s:26:10:26:Infinity":15,"s:28:10:28:Infinity":16,"s:31:8:31:Infinity":17,"s:35:4:35:Infinity":18,"s:38:32:42:Infinity":19,"f:38:32:38:33":3,"b:39:6:41:Infinity:undefined:undefined:undefined:undefined":2,"s:39:6:41:Infinity":20,"s:40:8:40:Infinity":21,"s:43:28:43:Infinity":22,"f:43:28:43:34":4,"s:43:34:43:Infinity":23,"s:45:4:45:Infinity":24,"s:46:4:46:Infinity":25,"s:48:4:51:Infinity":26,"f:48:11:48:17":5,"s:49:6:49:Infinity":27,"s:50:6:50:Infinity":28,"s:55:20:63:Infinity":29,"f:55:20:55:21":6,"s:56:4:56:Infinity":30,"s:57:4:62:Infinity":31,"s:58:6:58:Infinity":32,"s:59:6:59:Infinity":33,"s:61:6:61:Infinity":34,"s:65:21:77:Infinity":35,"f:65:21:65:22":7,"s:66:4:76:Infinity":36,"f:66:13:66:21":8,"b:67:6:67:Infinity:undefined:undefined:undefined:undefined":3,"s:67:6:67:Infinity":37,"s:67:29:67:Infinity":38,"s:68:19:68:Infinity":39,"s:69:6:74:Infinity":40,"s:70:8:70:Infinity":41,"s:71:8:71:Infinity":42,"s:73:8:73:Infinity":43,"s:75:6:75:Infinity":44,"s:79:26:90:Infinity":45,"f:79:26:79:27":9,"s:80:4:89:Infinity":46,"f:80:13:80:21":10,"s:81:19:81:Infinity":47,"f:81:31:81:41":11,"s:81:41:81:54":48,"s:82:6:87:Infinity":49,"s:83:8:83:Infinity":50,"s:84:8:84:Infinity":51,"s:86:8:86:Infinity":52,"s:88:6:88:Infinity":53,"s:92:22:98:Infinity":54,"f:92:22:92:23":12,"b:93:4:97:Infinity:95:11:97:Infinity":4,"s:93:4:97:Infinity":55,"s:94:6:94:Infinity":56,"s:96:6:96:Infinity":57,"s:100:19:117:Infinity":58,"f:100:19:100:20":13,"s:101:4:116:Infinity":59,"f:101:13:101:21":14,"s:102:20:102:Infinity":60,"b:103:6:103:Infinity:undefined:undefined:undefined:undefined":5,"s:103:6:103:Infinity":61,"s:103:24:103:Infinity":62,"s:104:26:104:Infinity":63,"b:104:47:104:59:104:59:104:Infinity":6,"b:105:6:105:Infinity:undefined:undefined:undefined:undefined":7,"s:105:6:105:Infinity":64,"b:105:10:105:29:105:29:105:57":8,"s:105:57:105:Infinity":65,"s:106:19:106:Infinity":66,"s:107:24:107:Infinity":67,"s:108:6:108:Infinity":68,"s:109:6:114:Infinity":69,"s:110:8:110:Infinity":70,"s:111:8:111:Infinity":71,"s:113:8:113:Infinity":72,"s:115:6:115:Infinity":73,"s:119:2:119:Infinity":74},"fnNames":{}}}
,"C:\\Users\\victo\\OneDrive\\Documentos\\GitHub\\Base_de_Conhecimento-\\src\\hooks\\useSearch.ts": {"path":"C:\\Users\\victo\\OneDrive\\Documentos\\GitHub\\Base_de_Conhecimento-\\src\\hooks\\useSearch.ts","statementMap":{"0":{"start":{"line":11,"column":10},"end":{"line":11,"column":null}},"1":{"start":{"line":13,"column":10},"end":{"line":21,"column":null}},"2":{"start":{"line":14,"column":8},"end":{"line":20,"column":null}},"3":{"start":{"line":23,"column":10},"end":{"line":29,"column":null}},"4":{"start":{"line":24,"column":8},"end":{"line":24,"column":null}},"5":{"start":{"line":24,"column":28},"end":{"line":24,"column":null}},"6":{"start":{"line":28,"column":8},"end":{"line":28,"column":null}},"7":{"start":{"line":28,"column":56},"end":{"line":28,"column":67}},"8":{"start":{"line":31,"column":4},"end":{"line":31,"column":null}}},"fnMap":{"0":{"name":"useSearch","decl":{"start":{"line":9,"column":16},"end":{"line":9,"column":29}},"loc":{"start":{"line":9,"column":85},"end":{"line":32,"column":null}},"line":9},"1":{"name":"(anonymous_1)","decl":{"start":{"line":13,"column":25},"end":{"line":13,"column":31}},"loc":{"start":{"line":13,"column":31},"end":{"line":21,"column":7}},"line":13},"2":{"name":"(anonymous_2)","decl":{"start":{"line":23,"column":28},"end":{"line":23,"column":34}},"loc":{"start":{"line":23,"column":34},"end":{"line":29,"column":7}},"line":23},"3":{"name":"(anonymous_3)","decl":{"start":{"line":28,"column":46},"end":{"line":28,"column":56}},"loc":{"start":{"line":28,"column":56},"end":{"line":28,"column":67}},"line":28}},"branchMap":{"0":{"loc":{"start":{"line":16,"column":23},"end":{"line":16,"column":null}},"type":"binary-expr","locations":[{"start":{"line":16,"column":23},"end":{"line":16,"column":44}},{"start":{"line":16,"column":44},"end":{"line":16,"column":null}}],"line":16},"1":{"loc":{"start":{"line":24,"column":8},"end":{"line":24,"column":null}},"type":"if","locations":[{"start":{"line":24,"column":8},"end":{"line":24,"column":null}},{"start":{},"end":{}}],"line":24}},"s":{"0":4,"1":4,"2":4,"3":4,"4":4,"5":1,"6":3,"7":3,"8":4},"f":{"0":4,"1":4,"2":4,"3":3},"b":{"0":[4,4],"1":[1,3]},"meta":{"lastBranch":2,"lastFunction":4,"lastStatement":9,"seen":{"f:9:16:9:29":0,"s:11:10:11:Infinity":0,"s:13:10:21:Infinity":1,"f:13:25:13:31":1,"s:14:8:20:Infinity":2,"b:16:23:16:44:16:44:16:Infinity":0,"s:23:10:29:Infinity":3,"f:23:28:23:34":2,"b:24:8:24:Infinity:undefined:undefined:undefined:undefined":1,"s:24:8:24:Infinity":4,"s:24:28:24:Infinity":5,"s:28:8:28:Infinity":6,"f:28:46:28:56":3,"s:28:56:28:67":7,"s:31:4:31:Infinity":8},"fnNames":{}}}
,"C:\\Users\\victo\\OneDrive\\Documentos\\GitHub\\Base_de_Conhecimento-\\src\\types\\index.ts": {"path":"C:\\Users\\victo\\OneDrive\\Documentos\\GitHub\\Base_de_Conhecimento-\\src\\types\\index.ts","statementMap":{"0":{"start":{"line":1,"column":7},"end":{"line":1,"column":null}},"1":{"start":{"line":2,"column":2},"end":{"line":2,"column":null}},"2":{"start":{"line":3,"column":2},"end":{"line":3,"column":null}},"3":{"start":{"line":4,"column":2},"end":{"line":4,"column":null}},"4":{"start":{"line":5,"column":2},"end":{"line":5,"column":null}},"5":{"start":{"line":6,"column":2},"end":{"line":6,"column":null}},"6":{"start":{"line":7,"column":2},"end":{"line":7,"column":null}},"7":{"start":{"line":8,"column":2},"end":{"line":8,"column":null}},"8":{"start":{"line":9,"column":2},"end":{"line":9,"column":null}},"9":{"start":{"line":1,"column":12},"end":{"line":1,"column":null}}},"fnMap":{"0":{"name":"(anonymous_0)","decl":{"start":{"line":1,"column":7},"end":{"line":1,"column":12}},"loc":{"start":{"line":1,"column":7},"end":{"line":1,"column":null}},"line":1}},"branchMap":{"0":{"loc":{"start":{"line":1,"column":12},"end":{"line":1,"column":null}},"type":"binary-expr","locations":[{"start":{"line":1,"column":12},"end":{"line":1,"column":null}},{"start":{"line":1,"column":12},"end":{"line":1,"column":null}}],"line":1}},"s":{"0":1,"1":1,"2":1,"3":1,"4":1,"5":1,"6":1,"7":1,"8":1,"9":1},"f":{"0":1},"b":{"0":[1,1]},"meta":{"lastBranch":1,"lastFunction":1,"lastStatement":10,"seen":{"s:1:7:1:Infinity":0,"f:1:7:1:12":0,"s:2:2:2:Infinity":1,"s:3:2:3:Infinity":2,"s:4:2:4:Infinity":3,"s:5:2:5:Infinity":4,"s:6:2:6:Infinity":5,"s:7:2:7:Infinity":6,"s:8:2:8:Infinity":7,"s:9:2:9:Infinity":8,"s:1:12:1:Infinity":9,"b:1:12:1:Infinity:1:12:1:Infinity":0},"fnNames":{}}}
}
